# JRE version: Java(TM) SE Runtime Environment (8.0_101-b13) (build 1.8.0_101-b13)
# Java VM: Java HotSpot(TM) 64-Bit Server VM (25.101-b13 mixed mode linux-amd64 compressed oops)
Heap:
 PSYoungGen      total 331264K, used 245534K [0x000000076c700000, 0x0000000789500000, 0x00000007c0000000)
  eden space 282624K, 69% used [0x000000076c700000,0x0000000778749168,0x000000077db00000)
  from space 48640K, 99% used [0x000000077db00000,0x0000000780a7e6a0,0x0000000780a80000)
  to   space 74240K, 0% used [0x0000000784c80000,0x0000000784c80000,0x0000000789500000)
 ParOldGen       total 377856K, used 176308K [0x00000006c5400000, 0x00000006dc500000, 0x000000076c700000)
  object space 377856K, 46% used [0x00000006c5400000,0x00000006d002d198,0x00000006dc500000)
 Metaspace       used 19944K, capacity 20470K, committed 20608K, reserved 1067008K
  class space    used 2209K, capacity 2403K, committed 2432K, reserved 1048576K
GC Heap History (10 events):
Event: 219,683 GC heap before
{Heap before GC invocations=7 (full 1):
 PSYoungGen      total 139776K, used 129012K [0x000000076c700000, 0x000000077fa00000, 0x00000007c0000000)
  eden space 129024K, 99% used [0x000000076c700000,0x00000007744fd068,0x0000000774500000)
  from space 10752K, 0% used [0x0000000774500000,0x0000000774500000,0x0000000774f80000)
  to   space 28160K, 0% used [0x000000077de80000,0x000000077de80000,0x000000077fa00000)
 ParOldGen       total 293888K, used 150336K [0x00000006c5400000, 0x00000006d7300000, 0x000000076c700000)
  object space 293888K, 51% used [0x00000006c5400000,0x00000006ce6d01c0,0x00000006d7300000)
 Metaspace       used 19944K, capacity 20470K, committed 20608K, reserved 1067008K
  class space    used 2209K, capacity 2403K, committed 2432K, reserved 1048576K
Event: 219,692 GC heap after
Heap after GC invocations=7 (full 1):
 PSYoungGen      total 281600K, used 28155K [0x000000076c700000, 0x0000000780280000, 0x00000007c0000000)
  eden space 253440K, 0% used [0x000000076c700000,0x000000076c700000,0x000000077be80000)
  from space 28160K, 99% used [0x000000077de80000,0x000000077f9fecf8,0x000000077fa00000)
  to   space 32768K, 0% used [0x000000077be80000,0x000000077be80000,0x000000077de80000)
 ParOldGen       total 293888K, used 217253K [0x00000006c5400000, 0x00000006d7300000, 0x000000076c700000)
  object space 293888K, 73% used [0x00000006c5400000,0x00000006d2829430,0x00000006d7300000)
 Metaspace       used 19944K, capacity 20470K, committed 20608K, reserved 1067008K
  class space    used 2209K, capacity 2403K, committed 2432K, reserved 1048576K
}
Event: 219,692 GC heap before
{Heap before GC invocations=8 (full 2):
 PSYoungGen      total 281600K, used 28155K [0x000000076c700000, 0x0000000780280000, 0x00000007c0000000)
  eden space 253440K, 0% used [0x000000076c700000,0x000000076c700000,0x000000077be80000)
  from space 28160K, 99% used [0x000000077de80000,0x000000077f9fecf8,0x000000077fa00000)
  to   space 32768K, 0% used [0x000000077be80000,0x000000077be80000,0x000000077de80000)
 ParOldGen       total 293888K, used 217253K [0x00000006c5400000, 0x00000006d7300000, 0x000000076c700000)
  object space 293888K, 73% used [0x00000006c5400000,0x00000006d2829430,0x00000006d7300000)
 Metaspace       used 19944K, capacity 20470K, committed 20608K, reserved 1067008K
  class space    used 2209K, capacity 2403K, committed 2432K, reserved 1048576K
Event: 219,717 GC heap after
Heap after GC invocations=8 (full 2):
 PSYoungGen      total 281600K, used 0K [0x000000076c700000, 0x0000000780280000, 0x00000007c0000000)
  eden space 253440K, 0% used [0x000000076c700000,0x000000076c700000,0x000000077be80000)
  from space 28160K, 0% used [0x000000077de80000,0x000000077de80000,0x000000077fa00000)
  to   space 32768K, 0% used [0x000000077be80000,0x000000077be80000,0x000000077de80000)
 ParOldGen       total 377856K, used 113890K [0x00000006c5400000, 0x00000006dc500000, 0x000000076c700000)
  object space 377856K, 30% used [0x00000006c5400000,0x00000006cc3388e8,0x00000006dc500000)
 Metaspace       used 19944K, capacity 20470K, committed 20608K, reserved 1067008K
  class space    used 2209K, capacity 2403K, committed 2432K, reserved 1048576K
}
Event: 219,994 GC heap before
{Heap before GC invocations=9 (full 2):
 PSYoungGen      total 281600K, used 253440K [0x000000076c700000, 0x0000000780280000, 0x00000007c0000000)
  eden space 253440K, 100% used [0x000000076c700000,0x000000077be80000,0x000000077be80000)
  from space 28160K, 0% used [0x000000077de80000,0x000000077de80000,0x000000077fa00000)
  to   space 32768K, 0% used [0x000000077be80000,0x000000077be80000,0x000000077de80000)
 ParOldGen       total 377856K, used 113890K [0x00000006c5400000, 0x00000006dc500000, 0x000000076c700000)
  object space 377856K, 30% used [0x00000006c5400000,0x00000006cc3388e8,0x00000006dc500000)
 Metaspace       used 19944K, capacity 20470K, committed 20608K, reserved 1067008K
  class space    used 2209K, capacity 2403K, committed 2432K, reserved 1048576K
Event: 219,999 GC heap after
Heap after GC invocations=9 (full 2):
 PSYoungGen      total 286208K, used 28568K [0x000000076c700000, 0x0000000782d80000, 0x00000007c0000000)
  eden space 253440K, 0% used [0x000000076c700000,0x000000076c700000,0x000000077be80000)
  from space 32768K, 87% used [0x000000077be80000,0x000000077da66048,0x000000077de80000)
  to   space 35840K, 0% used [0x0000000780a80000,0x0000000780a80000,0x0000000782d80000)
 ParOldGen       total 377856K, used 113890K [0x00000006c5400000, 0x00000006dc500000, 0x000000076c700000)
  object space 377856K, 30% used [0x00000006c5400000,0x00000006cc3388e8,0x00000006dc500000)
 Metaspace       used 19944K, capacity 20470K, committed 20608K, reserved 1067008K
  class space    used 2209K, capacity 2403K, committed 2432K, reserved 1048576K
}
Event: 220,172 GC heap before
{Heap before GC invocations=10 (full 2):
 PSYoungGen      total 286208K, used 282008K [0x000000076c700000, 0x0000000782d80000, 0x00000007c0000000)
  eden space 253440K, 100% used [0x000000076c700000,0x000000077be80000,0x000000077be80000)
  from space 32768K, 87% used [0x000000077be80000,0x000000077da66048,0x000000077de80000)
  to   space 35840K, 0% used [0x0000000780a80000,0x0000000780a80000,0x0000000782d80000)
 ParOldGen       total 377856K, used 113890K [0x00000006c5400000, 0x00000006dc500000, 0x000000076c700000)
  object space 377856K, 30% used [0x00000006c5400000,0x00000006cc3388e8,0x00000006dc500000)
 Metaspace       used 19944K, capacity 20470K, committed 20608K, reserved 1067008K
  class space    used 2209K, capacity 2403K, committed 2432K, reserved 1048576K
Event: 220,182 GC heap after
Heap after GC invocations=10 (full 2):
 PSYoungGen      total 318464K, used 35829K [0x000000076c700000, 0x0000000784f00000, 0x00000007c0000000)
  eden space 282624K, 0% used [0x000000076c700000,0x000000076c700000,0x000000077db00000)
  from space 35840K, 99% used [0x0000000780a80000,0x0000000782d7d650,0x0000000782d80000)
  to   space 48640K, 0% used [0x000000077db00000,0x000000077db00000,0x0000000780a80000)
 ParOldGen       total 377856K, used 131683K [0x00000006c5400000, 0x00000006dc500000, 0x000000076c700000)
  object space 377856K, 34% used [0x00000006c5400000,0x00000006cd498d18,0x00000006dc500000)
 Metaspace       used 19944K, capacity 20470K, committed 20608K, reserved 1067008K
  class space    used 2209K, capacity 2403K, committed 2432K, reserved 1048576K
}
Event: 220,358 GC heap before
{Heap before GC invocations=11 (full 2):
 PSYoungGen      total 318464K, used 318453K [0x000000076c700000, 0x0000000784f00000, 0x00000007c0000000)
  eden space 282624K, 100% used [0x000000076c700000,0x000000077db00000,0x000000077db00000)
  from space 35840K, 99% used [0x0000000780a80000,0x0000000782d7d650,0x0000000782d80000)
  to   space 48640K, 0% used [0x000000077db00000,0x000000077db00000,0x0000000780a80000)
 ParOldGen       total 377856K, used 131683K [0x00000006c5400000, 0x00000006dc500000, 0x000000076c700000)
  object space 377856K, 34% used [0x00000006c5400000,0x00000006cd498d18,0x00000006dc500000)
 Metaspace       used 19944K, capacity 20470K, committed 20608K, reserved 1067008K
  class space    used 2209K, capacity 2403K, committed 2432K, reserved 1048576K
Event: 220,372 GC heap after
Heap after GC invocations=11 (full 2):
 PSYoungGen      total 331264K, used 48633K [0x000000076c700000, 0x0000000789500000, 0x00000007c0000000)
  eden space 282624K, 0% used [0x000000076c700000,0x000000076c700000,0x000000077db00000)
  from space 48640K, 99% used [0x000000077db00000,0x0000000780a7e6a0,0x0000000780a80000)
  to   space 74240K, 0% used [0x0000000784c80000,0x0000000784c80000,0x0000000789500000)
 ParOldGen       total 377856K, used 176308K [0x00000006c5400000, 0x00000006dc500000, 0x000000076c700000)
  object space 377856K, 46% used [0x00000006c5400000,0x00000006d002d198,0x00000006dc500000)
 Metaspace       used 19944K, capacity 20470K, committed 20608K, reserved 1067008K
  class space    used 2209K, capacity 2403K, committed 2432K, reserved 1048576K
}

